0 info it worked if it ends with ok
1 verbose cli [ '/usr/bin/nodejs', '/usr/bin/npm', 'run', 'lint' ]
2 info using npm@3.5.2
3 info using node@v4.2.6
4 verbose run-script [ 'prelint', 'lint', 'postlint' ]
5 info lifecycle complete-intro-to-react@3.0.0~prelint: complete-intro-to-react@3.0.0
6 silly lifecycle complete-intro-to-react@3.0.0~prelint: no script for prelint, continuing
7 info lifecycle complete-intro-to-react@3.0.0~lint: complete-intro-to-react@3.0.0
8 verbose lifecycle complete-intro-to-react@3.0.0~lint: unsafe-perm in lifecycle true
9 verbose lifecycle complete-intro-to-react@3.0.0~lint: PATH: /usr/share/npm/bin/node-gyp-bin:/home/pitt/dev/React_sandbox/FM-intro_React_v3_vscode/complete-intro-to-react-start/node_modules/.bin:/home/pitt/.local/bin:/home/pitt/bin:/usr/local/sbin:/usr/local/bin:/usr/sbin:/usr/bin:/sbin:/bin:/usr/games:/usr/local/games:/snap/bin:/usr/lib/jvm/java-8-oracle/bin:/usr/lib/jvm/java-8-oracle/db/bin:/usr/lib/jvm/java-8-oracle/jre/bin:/usr/lib/jvm/java-8-oracle/bin:/usr/lib/jvm/java-8-oracle/db/bin:/usr/lib/jvm/java-8-oracle/jre/bin:
10 verbose lifecycle complete-intro-to-react@3.0.0~lint: CWD: /home/pitt/dev/React_sandbox/FM-intro_React_v3_vscode/complete-intro-to-react-start
11 silly lifecycle complete-intro-to-react@3.0.0~lint: Args: [ '-c', 'eslint **/*.{js,jsx} --quiet' ]
12 info lifecycle complete-intro-to-react@3.0.0~lint: Failed to exec lint script
13 verbose stack Error: complete-intro-to-react@3.0.0 lint: `eslint **/*.{js,jsx} --quiet`
13 verbose stack spawn ENOENT
13 verbose stack     at ChildProcess.<anonymous> (/usr/share/npm/lib/utils/spawn.js:17:16)
13 verbose stack     at emitTwo (events.js:87:13)
13 verbose stack     at ChildProcess.emit (events.js:172:7)
13 verbose stack     at maybeClose (internal/child_process.js:821:16)
13 verbose stack     at Process.ChildProcess._handle.onexit (internal/child_process.js:211:5)
14 verbose pkgid complete-intro-to-react@3.0.0
15 verbose cwd /home/pitt/dev/React_sandbox/FM-intro_React_v3_vscode/complete-intro-to-react-start
16 error Linux 4.4.0-130-generic
17 error argv "/usr/bin/nodejs" "/usr/bin/npm" "run" "lint"
18 error node v4.2.6
19 error npm  v3.5.2
20 error file sh
21 error code ELIFECYCLE
22 error errno ENOENT
23 error syscall spawn
24 error complete-intro-to-react@3.0.0 lint: `eslint **/*.{js,jsx} --quiet`
24 error spawn ENOENT
25 error Failed at the complete-intro-to-react@3.0.0 lint script 'eslint **/*.{js,jsx} --quiet'.
25 error Make sure you have the latest version of node.js and npm installed.
25 error If you do, this is most likely a problem with the complete-intro-to-react package,
25 error not with npm itself.
25 error Tell the author that this fails on your system:
25 error     eslint **/*.{js,jsx} --quiet
25 error You can get information on how to open an issue for this project with:
25 error     npm bugs complete-intro-to-react
25 error Or if that isn't available, you can get their info via:
25 error     npm owner ls complete-intro-to-react
25 error There is likely additional logging output above.
26 verbose exit [ 1, true ]
